#
# There is insufficient memory for the Java Runtime Environment to continue.
# Native memory allocation (mmap) failed to map 132120576 bytes. Error detail: G1 virtual space
# Possible reasons:
#   The system is out of physical RAM or swap space
#   This process is running with CompressedOops enabled, and the Java Heap may be blocking the growth of the native heap
# Possible solutions:
#   Reduce memory load on the system
#   Increase physical memory or swap space
#   Check if swap backing store is full
#   Decrease Java heap size (-Xmx/-Xms)
#   Decrease number of Java threads
#   Decrease Java thread stack sizes (-Xss)
#   Set larger code cache with -XX:ReservedCodeCacheSize=
#   JVM is running with Unscaled Compressed Oops mode in which the Java heap is
#     placed in the first 4GB address space. The Java Heap base address is the
#     maximum limit for the native heap growth. Please use -XX:HeapBaseMinAddress
#     to set the Java Heap base and to place the Java Heap above 4GB virtual address.
# This output file may be truncated or incomplete.
#
#  Out of Memory Error (os_windows.cpp:3631), pid=21156, tid=22708
#
# JRE version:  (22.0.2+9) (build )
# Java VM: OpenJDK 64-Bit Server VM (22.0.2+9-70, mixed mode, sharing, tiered, compressed oops, compressed class ptrs, g1 gc, windows-amd64)
# No core dump will be written. Minidumps are not enabled by default on client versions of Windows
#

---------------  S U M M A R Y ------------

Command Line: -javaagent:D:\IntelliJ IDEA Community Edition 2024.2.3\lib\idea_rt.jar=57288:D:\IntelliJ IDEA Community Edition 2024.2.3\bin -Dfile.encoding=UTF-8 -Dsun.stdout.encoding=UTF-8 -Dsun.stderr.encoding=UTF-8 ru.spbstu.telematics.java.LiftSimulation

Host: Intel(R) Core(TM) i3-10110U CPU @ 2.10GHz, 4 cores, 7G,  Windows 10 , 64 bit Build 19041 (10.0.19041.5072)
Time: Mon Dec  9 17:31:57 2024 RTZ 2 (s 10 , 64 bit Build 19041 (10.0.19041.5072) elapsed time: 0.156181 seconds (0d 0h 0m 0s)

---------------  T H R E A D  ---------------

Current thread (0x000002234175f1a0):  JavaThread "Unknown thread" [_thread_in_vm, id=22708, stack(0x00000067c3c00000,0x00000067c3d00000) (1024K)]

Stack: [0x00000067c3c00000,0x00000067c3d00000]
Native frames: (J=compiled Java code, j=interpreted, Vv=VM code, C=native code)
V  [jvm.dll+0x6e26e9]  (no source info available)
V  [jvm.dll+0x875753]  (no source info available)
V  [jvm.dll+0x877b7e]  (no source info available)
V  [jvm.dll+0x878253]  (no source info available)
V  [jvm.dll+0x27fc86]  (no source info available)
V  [jvm.dll+0x6ded85]  (no source info available)
V  [jvm.dll+0x6d388a]  (no source info available)
V  [jvm.dll+0x358b8a]  (no source info available)
V  [jvm.dll+0x3610b6]  (no source info available)
V  [jvm.dll+0x3b419e]  (no source info available)
V  [jvm.dll+0x3b4448]  (no source info available)
V  [jvm.dll+0x32c5ec]  (no source info available)
V  [jvm.dll+0x32d258]  (no source info available)
V  [jvm.dll+0x83d5ac]  (no source info available)
V  [jvm.dll+0x3c10d1]  (no source info available)
V  [jvm.dll+0x8264cc]  (no source info available)
V  [jvm.dll+0x45bd5e]  (no source info available)
V  [jvm.dll+0x45dbe1]  (no source info available)
C  [jli.dll+0x52a3]  (no source info available)
C  [ucrtbase.dll+0x21bb2]  (no source info available)
C  [KERNEL32.DLL+0x17374]  (no source info available)
C  [ntdll.dll+0x4cc91]  (no source info available)


---------------  P R O C E S S  ---------------

Threads class SMR info:
_java_thread_list=0x00007ffcacbec1c8, length=0, elements={
}

Java Threads: ( => current thread )
Total: 0

Other Threads:
  0x00000223417b5890 WorkerThread "GC Thread#0"                     [id=15736, stack(0x00000067c3d00000,0x00000067c3e00000) (1024K)]
  0x00000223417c6530 ConcurrentGCThread "G1 Main Marker"            [id=20144, stack(0x00000067c3e00000,0x00000067c3f00000) (1024K)]
  0x00000223417c87f0 WorkerThread "G1 Conc#0"                       [id=14600, stack(0x00000067c3f00000,0x00000067c4000000) (1024K)]

[error occurred during error reporting (printing all threads), id 0xc0000005, EXCEPTION_ACCESS_VIOLATION (0xc0000005) at pc=0x00007ffcac33f517]
VM state: not at safepoint (not fully initialized)

VM Mutex/Monitor currently owned by a thread:  ([mutex/lock_event])
[0x00007ffcacc6cc80] Heap_lock - owner thread: 0x000002234175f1a0

Heap address: 0x0000000082800000, size: 2008 MB, Compressed Oops mode: 32-bit

CDS archive(s) mapped at: [0x0000000000000000-0x0000000000000000-0x0000000000000000), size 0, SharedBaseAddress: 0x0000000800000000, ArchiveRelocationMode: 1.
Narrow klass base: 0x0000000000000000, Narrow klass shift: 0, Narrow klass range: 0x0

GC Precious Log:
 CardTable entry size: 512
 Card Set container configuration: InlinePtr #cards 5 size 8 Array Of Cards #cards 12 size 40 Howl #buckets 4 coarsen threshold 1843 Howl Bitmap #cards 512 size 80 coarsen threshold 460 Card regions per heap region 1 cards per card region 2048

Heap:
 garbage-first heap   total reserved 2056192K, committed 0K, used 0K [0x0000000082800000, 0x0000000100000000)
  region size 1024K, 0 young (0K), 0 survivors (0K)

[error occurred during error reporting (printing heap information), id 0xc0000005, EXCEPTION_ACCESS_VIOLATION (0xc0000005) at pc=0x00007ffcac73e869]
GC Heap History (0 events):
No events

Dll operation events (1 events):
Event: 0.147 Loaded shared library C:\Program Files (x86)\JAVA\jdk-22.0.2\bin\java.dll

Deoptimization events (0 events):
No events

Classes loaded (0 events):
No events

Classes unloaded (0 events):
No events

Classes redefined (0 events):
No events

Internal exceptions (0 events):
No events

ZGC Phase Switch (0 events):
No events

VM Operations (0 events):
No events

Memory protections (0 events):
No events

Nmethod flushes (0 events):
No events

Events (0 events):
No events


Dynamic libraries:
0x00007ff7a4ca0000 - 0x00007ff7a4cae000 	C:\Program Files (x86)\JAVA\jdk-22.0.2\bin\java.exe
0x00007ffd24410000 - 0x00007ffd24608000 	C:\Windows\SYSTEM32\ntdll.dll
0x00007ffd22430000 - 0x00007ffd224f2000 	C:\Windows\System32\KERNEL32.DLL
0x00007ffd21e20000 - 0x00007ffd2211e000 	C:\Windows\System32\KERNELBASE.dll
0x00007ffd22300000 - 0x00007ffd22400000 	C:\Windows\System32\ucrtbase.dll
0x00007ffd039c0000 - 0x00007ffd039d7000 	C:\Program Files (x86)\JAVA\jdk-22.0.2\bin\jli.dll
0x00007ffd22560000 - 0x00007ffd226fd000 	C:\Windows\System32\USER32.dll
0x00007ffd22400000 - 0x00007ffd22422000 	C:\Windows\System32\win32u.dll
0x00007ffd23620000 - 0x00007ffd2364b000 	C:\Windows\System32\GDI32.dll
0x00007ffd21ab0000 - 0x00007ffd21bc7000 	C:\Windows\System32\gdi32full.dll
0x00007ffd22120000 - 0x00007ffd221bd000 	C:\Windows\System32\msvcp_win.dll
0x00007ffd00050000 - 0x00007ffd002ea000 	C:\Windows\WinSxS\amd64_microsoft.windows.common-controls_6595b64144ccf1df_6.0.19041.4355_none_60b8b9eb71f62e16\COMCTL32.dll
0x00007ffd24330000 - 0x00007ffd243ce000 	C:\Windows\System32\msvcrt.dll
0x00007ffd03f70000 - 0x00007ffd03f8b000 	C:\Program Files (x86)\JAVA\jdk-22.0.2\bin\VCRUNTIME140.dll
0x00007ffd241c0000 - 0x00007ffd241ef000 	C:\Windows\System32\IMM32.DLL
0x00007ffd156d0000 - 0x00007ffd156dc000 	C:\Program Files (x86)\JAVA\jdk-22.0.2\bin\vcruntime140_1.dll
0x00007ffce0090000 - 0x00007ffce011e000 	C:\Program Files (x86)\JAVA\jdk-22.0.2\bin\msvcp140.dll
0x00007ffcac000000 - 0x00007ffcacd49000 	C:\Program Files (x86)\JAVA\jdk-22.0.2\bin\server\jvm.dll
0x00007ffd23070000 - 0x00007ffd23121000 	C:\Windows\System32\ADVAPI32.dll
0x00007ffd239b0000 - 0x00007ffd23a4f000 	C:\Windows\System32\sechost.dll
0x00007ffd24200000 - 0x00007ffd24323000 	C:\Windows\System32\RPCRT4.dll
0x00007ffd21df0000 - 0x00007ffd21e17000 	C:\Windows\System32\bcrypt.dll
0x00007ffd23730000 - 0x00007ffd2379b000 	C:\Windows\System32\WS2_32.dll
0x00007ffd21620000 - 0x00007ffd2166b000 	C:\Windows\SYSTEM32\POWRPROF.dll
0x00007ffd083d0000 - 0x00007ffd083f7000 	C:\Windows\SYSTEM32\WINMM.dll
0x00007ffd1b9d0000 - 0x00007ffd1b9da000 	C:\Windows\SYSTEM32\VERSION.dll
0x00007ffd21600000 - 0x00007ffd21612000 	C:\Windows\SYSTEM32\UMPDC.dll
0x00007ffd202d0000 - 0x00007ffd202e2000 	C:\Windows\SYSTEM32\kernel.appcore.dll
0x00007ffd154e0000 - 0x00007ffd154ea000 	C:\Program Files (x86)\JAVA\jdk-22.0.2\bin\jimage.dll
0x00007ffd16e60000 - 0x00007ffd17044000 	C:\Windows\SYSTEM32\DBGHELP.DLL
0x00007ffd02650000 - 0x00007ffd02684000 	C:\Windows\SYSTEM32\dbgcore.DLL
0x00007ffd221c0000 - 0x00007ffd22242000 	C:\Windows\System32\bcryptPrimitives.dll
0x00007ffd1edb0000 - 0x00007ffd1edbf000 	C:\Program Files (x86)\JAVA\jdk-22.0.2\bin\instrument.dll
0x00007ffd035a0000 - 0x00007ffd035be000 	C:\Program Files (x86)\JAVA\jdk-22.0.2\bin\java.dll
0x00007ffd22700000 - 0x00007ffd22e6d000 	C:\Windows\System32\SHELL32.dll
0x00007ffd23130000 - 0x00007ffd2325b000 	C:\Windows\System32\ole32.dll
0x00007ffd232c0000 - 0x00007ffd23613000 	C:\Windows\System32\combase.dll

dbghelp: loaded successfully - version: 4.0.5 - missing functions: none
symbol engine: initialized successfully - sym options: 0x614 - pdb path: .;C:\Program Files (x86)\JAVA\jdk-22.0.2\bin;C:\Windows\SYSTEM32;C:\Windows\WinSxS\amd64_microsoft.windows.common-controls_6595b64144ccf1df_6.0.19041.4355_none_60b8b9eb71f62e16;C:\Program Files (x86)\JAVA\jdk-22.0.2\bin\server

VM Arguments:
jvm_args: -javaagent:D:\IntelliJ IDEA Community Edition 2024.2.3\lib\idea_rt.jar=57288:D:\IntelliJ IDEA Community Edition 2024.2.3\bin -Dfile.encoding=UTF-8 -Dsun.stdout.encoding=UTF-8 -Dsun.stderr.encoding=UTF-8 
java_command: ru.spbstu.telematics.java.LiftSimulation
java_class_path (initial): C:\Users\lizab\lab3Bogdanova\target\test-classes;C:\Users\lizab\lab3Bogdanova\target\classes;C:\Users\lizab\.m2\repository\junit\junit\4.12\junit-4.12.jar;C:\Users\lizab\.m2\repository\org\hamcrest\hamcrest-core\1.3\hamcrest-core-1.3.jar;C:\Users\lizab\.m2\repository\commons-io\commons-io\2.5\commons-io-2.5.jar
Launcher Type: SUN_STANDARD

[Global flags]
     intx CICompilerCount                          = 3                                         {product} {ergonomic}
     uint ConcGCThreads                            = 1                                         {product} {ergonomic}
     uint G1ConcRefinementThreads                  = 4                                         {product} {ergonomic}
   size_t G1HeapRegionSize                         = 1048576                                   {product} {ergonomic}
   size_t InitialHeapSize                          = 132120576                                 {product} {ergonomic}
   size_t MarkStackSize                            = 4194304                                   {product} {ergonomic}
   size_t MaxHeapSize                              = 2105540608                                {product} {ergonomic}
   size_t MinHeapDeltaBytes                        = 1048576                                   {product} {ergonomic}
   size_t MinHeapSize                              = 8388608                                   {product} {ergonomic}
    uintx NonNMethodCodeHeapSize                   = 5832780                                {pd product} {ergonomic}
    uintx NonProfiledCodeHeapSize                  = 122912730                              {pd product} {ergonomic}
    uintx ProfiledCodeHeapSize                     = 122912730                              {pd product} {ergonomic}
    uintx ReservedCodeCacheSize                    = 251658240                              {pd product} {ergonomic}
     bool SegmentedCodeCache                       = true                                      {product} {ergonomic}
   size_t SoftMaxHeapSize                          = 2105540608                             {manageable} {ergonomic}
     bool UseCompressedOops                        = true                           {product lp64_product} {ergonomic}
     bool UseG1GC                                  = true                                      {product} {ergonomic}
     bool UseLargePagesIndividualAllocation        = false                                  {pd product} {ergonomic}

Logging:
Log output configuration:
 #0: stdout all=warning uptime,level,tags foldmultilines=false
 #1: stderr all=off uptime,level,tags foldmultilines=false

Environment Variables:
JAVA_HOME=C:\Program Files (x86)\JAVA\jdk-22.0.2
PATH=C:\Program Files (x86)\Common Files\Oracle\Java\java8path;C:\Program Files (x86)\Common Files\Oracle\Java\javapath;C:\Program Files\Microsoft\jdk-11.0.16.101-hotspot\bin;C:\Windows\system32;C:\Windows;C:\Windows\System32\Wbem;C:\Windows\System32\WindowsPowerShell\v1.0\;C:\Windows\System32\OpenSSH\;C:\Program Files\Microsoft SQL Server\150\Tools\Binn\;C:\Program Files\Microsoft SQL Server\Client SDK\ODBC\170\Tools\Binn\;C:\Program Files (x86)\Visual Leak Detector\bin\Win32;C:\Program Files (x86)\Visual Leak Detector\bin\Win64;C:\Program Files\MiKTeX 2.9\miktex\bin\x64\;C:\Program Files\dotnet\;C:\Program Files (x86)\JAVA\jdk-22.0.2\bin;C:\Program Files\Git\cmd;C:\Program Files (x86)\Maven\apache-maven-3.9.9\bin;D:\bin;C:\Program Files\MySQL\MySQL Shell 8.0\bin\;C:\Users\lizab\AppData\Local\Programs\Python\Python310\Scripts\;C:\Users\lizab\AppData\Local\Programs\Python\Python310\;C:\Users\lizab\AppData\Local\Microsoft\WindowsApps;C:\Users\lizab\AppData\Local\Programs\MiKTeX\miktex\bin\x64\;C:\Users\lizab\.dotnet\tools;D:\Haskell\ghcup\bin;D:\Program Files\IntelliJ IDEA Community Edition 2024.2.3\bin;;C:\Users\lizab\AppData\Local\Programs\Microsoft VS Code\bin;
USERNAME=lizab
OS=Windows_NT
PROCESSOR_IDENTIFIER=Intel64 Family 6 Model 142 Stepping 12, GenuineIntel
TMP=C:\Users\lizab\AppData\Local\Temp
TEMP=C:\Users\lizab\AppData\Local\Temp




Periodic native trim disabled

---------------  S Y S T E M  ---------------

OS:
 Windows 10 , 64 bit Build 19041 (10.0.19041.5072)
OS uptime: 6 days 18:06 hours

CPU: total 4 (initial active 4) (2 cores per cpu, 2 threads per core) family 6 model 142 stepping 12 microcode 0xde, cx8, cmov, fxsr, ht, mmx, 3dnowpref, sse, sse2, sse3, ssse3, sse4.1, sse4.2, popcnt, lzcnt, tsc, tscinvbit, avx, avx2, aes, erms, clmul, bmi1, bmi2, adx, fma, vzeroupper, clflush, clflushopt, rdtscp, f16c
Processor Information for all 4 processors :
  Max Mhz: 2592, Current Mhz: 2592, Mhz Limit: 2073

Memory: 4k page, system-wide physical 8025M (813M free)
TotalPageFile size 16025M (AvailPageFile size 114M)
current process WorkingSet (physical memory assigned to process): 11M, peak: 11M
current process commit charge ("private bytes"): 52M, peak: 178M

vm_info: OpenJDK 64-Bit Server VM (22.0.2+9-70) for windows-amd64 JRE (22.0.2+9-70), built on 2024-06-04T16:52:23Z by "mach5one" with MS VC++ 17.6 (VS2022)

END.
